[Mon 03/09/2026  6:18:36.69] Starting CEF News Scan... 
06:18:37 [INFO] Starting CEF News Scan — 277 tickers, 2-day lookback
06:18:37 [INFO] Sources: SEC EDGAR + Finnhub
06:18:37 [INFO] ============================================================
06:18:37 [INFO] [1/277] Scanning ASA...
06:18:37 [INFO]   EDGAR scan: ASA
06:18:41 [INFO]   Finnhub scan: ASA
06:18:43 [INFO] [2/277] Scanning ADX...
06:18:43 [INFO]   EDGAR scan: ADX
06:18:47 [INFO]   Finnhub scan: ADX
06:18:48 [INFO] [3/277] Scanning PEO...
06:18:48 [INFO]   EDGAR scan: PEO
06:18:51 [INFO]   Finnhub scan: PEO
06:18:52 [INFO]     \u2192 OTHER            | PharmaCyte Biotech, Inc. filed a proxy statement — sharehold
06:18:52 [INFO] [4/277] Scanning AVK...
06:18:52 [INFO]   EDGAR scan: AVK
06:19:01 [INFO]   Finnhub scan: AVK
06:19:02 [INFO]     \u2192 MERGER           | AVK: This CEF Offers A Better Way To Invest In Bonds Than Mo
06:19:02 [INFO] [5/277] Scanning AWF...
06:19:02 [INFO]   EDGAR scan: AWF
06:19:06 [INFO]   Finnhub scan: AWF
06:19:07 [INFO] [6/277] Scanning AFB...
06:19:07 [INFO]   EDGAR scan: AFB
06:19:10 [INFO]   Finnhub scan: AFB
06:19:11 [INFO] [7/277] Scanning NFJ...
06:19:11 [INFO]   EDGAR scan: NFJ
06:19:14 [INFO]   Finnhub scan: NFJ
06:19:15 [INFO] [8/277] Scanning EOD...
06:19:15 [INFO]   EDGAR scan: EOD
06:19:18 [INFO]   Finnhub scan: EOD
06:19:19 [INFO] [9/277] Scanning EAD...
06:19:19 [INFO]   EDGAR scan: EAD
06:19:22 [INFO]   Finnhub scan: EAD
06:19:24 [INFO] [10/277] Scanning ERC...
06:19:24 [INFO]   EDGAR scan: ERC
06:19:26 [INFO]   Finnhub scan: ERC
06:19:28 [INFO] [11/277] Scanning ERH...
06:19:28 [INFO]   EDGAR scan: ERH
06:19:35 [INFO]   Finnhub scan: ERH
06:19:37 [INFO] [12/277] Scanning FINS...
06:19:37 [INFO]   EDGAR scan: FINS
06:19:44 [INFO]   Finnhub scan: FINS
06:19:45 [INFO] [13/277] Scanning ARDC...
06:19:45 [INFO]   EDGAR scan: ARDC
06:19:48 [INFO]   Finnhub scan: ARDC
06:19:50 [INFO] [14/277] Scanning BANX...
06:19:50 [INFO]   EDGAR scan: BANX
06:19:53 [INFO]   Finnhub scan: BANX
06:19:54 [INFO] [15/277] Scanning DHF...
06:19:54 [INFO]   EDGAR scan: DHF
06:19:56 [INFO]   Finnhub scan: DHF
06:19:58 [INFO] [16/277] Scanning DMB...
06:19:58 [INFO]   EDGAR scan: DMB
06:20:01 [INFO]   Finnhub scan: DMB
06:20:02 [INFO] [17/277] Scanning DSM...
06:20:02 [INFO]   EDGAR scan: DSM
06:20:05 [INFO]   Finnhub scan: DSM
06:20:06 [INFO] [18/277] Scanning LEO...
06:20:06 [INFO]   EDGAR scan: LEO
06:20:10 [INFO]   Finnhub scan: LEO
06:20:11 [INFO] [19/277] Scanning BCV...
06:20:11 [INFO]   EDGAR scan: BCV
